<?xml version="1.0" encoding="UTF-8"?>
<testsuite xmlns:xsi="http://www.w3.org/2001/XMLSchema-instance" xsi:noNamespaceSchemaLocation="https://maven.apache.org/surefire/maven-surefire-plugin/xsd/surefire-test-report-3.0.xsd" version="3.0" name="org.sakaiproject.hibernate.HibernateCriterionUtilsTest" time="0.081" tests="1" errors="0" skipped="0" failures="0">
  <properties>
    <property name="awt.toolkit" value="sun.awt.X11.XToolkit"/>
    <property name="file.encoding.pkg" value="sun.io"/>
    <property name="java.specification.version" value="1.8"/>
    <property name="sun.cpu.isalist" value=""/>
    <property name="sun.jnu.encoding" value="UTF-8"/>
    <property name="java.class.path" value="/home/alumno/Escritorio/Proyecto/sakai-21.x/kernel/kernel-private/target/test-classes:/home/alumno/Escritorio/Proyecto/sakai-21.x/kernel/kernel-private/target/classes:/home/alumno/.m2/repository/org/hibernate/hibernate-core/5.3.18.Final/hibernate-core-5.3.18.Final.jar:/home/alumno/.m2/repository/org/jboss/logging/jboss-logging/3.4.0.Final/jboss-logging-3.4.0.Final.jar:/home/alumno/.m2/repository/javax/persistence/javax.persistence-api/2.2/javax.persistence-api-2.2.jar:/home/alumno/.m2/repository/org/javassist/javassist/3.25.0-GA/javassist-3.25.0-GA.jar:/home/alumno/.m2/repository/net/bytebuddy/byte-buddy/1.10.2/byte-buddy-1.10.2.jar:/home/alumno/.m2/repository/antlr/antlr/2.7.7/antlr-2.7.7.jar:/home/alumno/.m2/repository/org/jboss/spec/javax/transaction/jboss-transaction-api_1.2_spec/1.1.1.Final/jboss-transaction-api_1.2_spec-1.1.1.Final.jar:/home/alumno/.m2/repository/org/jboss/jandex/2.1.1.Final/jandex-2.1.1.Final.jar:/home/alumno/.m2/repository/com/fasterxml/classmate/1.5.0/classmate-1.5.0.jar:/home/alumno/.m2/repository/javax/activation/javax.activation-api/1.2.0/javax.activation-api-1.2.0.jar:/home/alumno/.m2/repository/org/dom4j/dom4j/2.1.3/dom4j-2.1.3.jar:/home/alumno/.m2/repository/org/hibernate/common/hibernate-commons-annotations/5.0.4.Final/hibernate-commons-annotations-5.0.4.Final.jar:/home/alumno/.m2/repository/javax/xml/bind/jaxb-api/2.3.1/jaxb-api-2.3.1.jar:/home/alumno/.m2/repository/org/glassfish/jaxb/jaxb-runtime/2.3.1/jaxb-runtime-2.3.1.jar:/home/alumno/.m2/repository/org/glassfish/jaxb/txw2/2.3.1/txw2-2.3.1.jar:/home/alumno/.m2/repository/com/sun/istack/istack-commons-runtime/3.0.7/istack-commons-runtime-3.0.7.jar:/home/alumno/.m2/repository/org/jvnet/staxex/stax-ex/1.8/stax-ex-1.8.jar:/home/alumno/.m2/repository/com/sun/xml/fastinfoset/FastInfoset/1.2.15/FastInfoset-1.2.15.jar:/home/alumno/.m2/repository/org/hibernate/hibernate-entitymanager/5.3.18.Final/hibernate-entitymanager-5.3.18.Final.jar:/home/alumno/.m2/repository/org/gridgain/ignite-hibernate_5.3/8.8.7/ignite-hibernate_5.3-8.8.7.jar:/home/alumno/.m2/repository/org/gridgain/ignite-core/8.8.7/ignite-core-8.8.7.jar:/home/alumno/.m2/repository/javax/cache/cache-api/1.0.0/cache-api-1.0.0.jar:/home/alumno/.m2/repository/org/jetbrains/annotations/16.0.3/annotations-16.0.3.jar:/home/alumno/.m2/repository/org/gridgain/ignite-shmem/8.7.3/ignite-shmem-8.7.3.jar:/home/alumno/.m2/repository/org/gridgain/ignite-hibernate-core/8.8.7/ignite-hibernate-core-8.8.7.jar:/home/alumno/.m2/repository/org/springframework/spring-core/5.2.9.RELEASE/spring-core-5.2.9.RELEASE.jar:/home/alumno/.m2/repository/org/springframework/spring-jcl/5.2.9.RELEASE/spring-jcl-5.2.9.RELEASE.jar:/home/alumno/.m2/repository/org/springframework/spring-aop/5.2.9.RELEASE/spring-aop-5.2.9.RELEASE.jar:/home/alumno/.m2/repository/org/springframework/spring-beans/5.2.9.RELEASE/spring-beans-5.2.9.RELEASE.jar:/home/alumno/.m2/repository/org/springframework/spring-context/5.2.9.RELEASE/spring-context-5.2.9.RELEASE.jar:/home/alumno/.m2/repository/org/springframework/spring-expression/5.2.9.RELEASE/spring-expression-5.2.9.RELEASE.jar:/home/alumno/.m2/repository/org/springframework/spring-orm/5.2.9.RELEASE/spring-orm-5.2.9.RELEASE.jar:/home/alumno/.m2/repository/org/springframework/spring-jdbc/5.2.9.RELEASE/spring-jdbc-5.2.9.RELEASE.jar:/home/alumno/.m2/repository/org/springframework/spring-tx/5.2.9.RELEASE/spring-tx-5.2.9.RELEASE.jar:/home/alumno/.m2/repository/com/fasterxml/jackson/core/jackson-core/2.11.2/jackson-core-2.11.2.jar:/home/alumno/.m2/repository/com/fasterxml/jackson/core/jackson-databind/2.11.2/jackson-databind-2.11.2.jar:/home/alumno/.m2/repository/com/fasterxml/jackson/core/jackson-annotations/2.11.2/jackson-annotations-2.11.2.jar:/home/alumno/.m2/repository/com/fasterxml/jackson/dataformat/jackson-dataformat-xml/2.11.2/jackson-dataformat-xml-2.11.2.jar:/home/alumno/.m2/repository/com/fasterxml/jackson/module/jackson-module-jaxb-annotations/2.11.2/jackson-module-jaxb-annotations-2.11.2.jar:/home/alumno/.m2/repository/jakarta/xml/bind/jakarta.xml.bind-api/2.3.2/jakarta.xml.bind-api-2.3.2.jar:/home/alumno/.m2/repository/jakarta/activation/jakarta.activation-api/1.2.1/jakarta.activation-api-1.2.1.jar:/home/alumno/.m2/repository/org/codehaus/woodstox/stax2-api/4.2/stax2-api-4.2.jar:/home/alumno/.m2/repository/com/fasterxml/woodstox/woodstox-core/5.2.1/woodstox-core-5.2.1.jar:/home/alumno/.m2/repository/com/fasterxml/jackson/module/jackson-module-parameter-names/2.11.2/jackson-module-parameter-names-2.11.2.jar:/home/alumno/.m2/repository/com/fasterxml/jackson/datatype/jackson-datatype-jdk8/2.11.2/jackson-datatype-jdk8-2.11.2.jar:/home/alumno/.m2/repository/com/fasterxml/jackson/datatype/jackson-datatype-jsr310/2.11.2/jackson-datatype-jsr310-2.11.2.jar:/home/alumno/.m2/repository/net/sf/ehcache/ehcache-core/2.6.11/ehcache-core-2.6.11.jar:/home/alumno/.m2/repository/org/apache/commons/commons-lang3/3.11/commons-lang3-3.11.jar:/home/alumno/Escritorio/Proyecto/sakai-21.x/kernel/component-manager/target/sakai-component-manager-21-SNAPSHOT.jar:/home/alumno/Escritorio/Proyecto/sakai-21.x/kernel/api/target/sakai-kernel-api-21-SNAPSHOT.jar:/home/alumno/.m2/repository/org/slf4j/slf4j-api/1.7.30/slf4j-api-1.7.30.jar:/home/alumno/.m2/repository/org/slf4j/slf4j-log4j12/1.7.30/slf4j-log4j12-1.7.30.jar:/home/alumno/.m2/repository/org/slf4j/jcl-over-slf4j/1.7.30/jcl-over-slf4j-1.7.30.jar:/home/alumno/.m2/repository/log4j/log4j/1.2.17/log4j-1.2.17.jar:/home/alumno/.m2/repository/org/projectlombok/lombok/1.18.12/lombok-1.18.12.jar:/home/alumno/.m2/repository/junit/junit/4.12/junit-4.12.jar:/home/alumno/.m2/repository/org/hamcrest/hamcrest-core/1.3/hamcrest-core-1.3.jar:"/>
    <property name="java.vm.vendor" value="Private Build"/>
    <property name="sun.arch.data.model" value="64"/>
    <property name="java.vendor.url" value="http://java.oracle.com/"/>
    <property name="user.timezone" value=""/>
    <property name="java.vm.specification.version" value="1.8"/>
    <property name="os.name" value="Linux"/>
    <property name="user.country" value="ES"/>
    <property name="sun.java.launcher" value="SUN_STANDARD"/>
    <property name="sun.boot.library.path" value="/usr/lib/jvm/java-8-openjdk-amd64/jre/lib/amd64"/>
    <property name="sun.java.command" value="/home/alumno/Escritorio/Proyecto/sakai-21.x/kernel/kernel-private/target/surefire/surefirebooter591814059276670735.jar /home/alumno/Escritorio/Proyecto/sakai-21.x/kernel/kernel-private/target/surefire 2024-04-11T13-13-44_564-jvmRun1 surefire390932452577193511tmp surefire_27238890979301090768tmp"/>
    <property name="surefire.test.class.path" value="/home/alumno/Escritorio/Proyecto/sakai-21.x/kernel/kernel-private/target/test-classes:/home/alumno/Escritorio/Proyecto/sakai-21.x/kernel/kernel-private/target/classes:/home/alumno/.m2/repository/org/hibernate/hibernate-core/5.3.18.Final/hibernate-core-5.3.18.Final.jar:/home/alumno/.m2/repository/org/jboss/logging/jboss-logging/3.4.0.Final/jboss-logging-3.4.0.Final.jar:/home/alumno/.m2/repository/javax/persistence/javax.persistence-api/2.2/javax.persistence-api-2.2.jar:/home/alumno/.m2/repository/org/javassist/javassist/3.25.0-GA/javassist-3.25.0-GA.jar:/home/alumno/.m2/repository/net/bytebuddy/byte-buddy/1.10.2/byte-buddy-1.10.2.jar:/home/alumno/.m2/repository/antlr/antlr/2.7.7/antlr-2.7.7.jar:/home/alumno/.m2/repository/org/jboss/spec/javax/transaction/jboss-transaction-api_1.2_spec/1.1.1.Final/jboss-transaction-api_1.2_spec-1.1.1.Final.jar:/home/alumno/.m2/repository/org/jboss/jandex/2.1.1.Final/jandex-2.1.1.Final.jar:/home/alumno/.m2/repository/com/fasterxml/classmate/1.5.0/classmate-1.5.0.jar:/home/alumno/.m2/repository/javax/activation/javax.activation-api/1.2.0/javax.activation-api-1.2.0.jar:/home/alumno/.m2/repository/org/dom4j/dom4j/2.1.3/dom4j-2.1.3.jar:/home/alumno/.m2/repository/org/hibernate/common/hibernate-commons-annotations/5.0.4.Final/hibernate-commons-annotations-5.0.4.Final.jar:/home/alumno/.m2/repository/javax/xml/bind/jaxb-api/2.3.1/jaxb-api-2.3.1.jar:/home/alumno/.m2/repository/org/glassfish/jaxb/jaxb-runtime/2.3.1/jaxb-runtime-2.3.1.jar:/home/alumno/.m2/repository/org/glassfish/jaxb/txw2/2.3.1/txw2-2.3.1.jar:/home/alumno/.m2/repository/com/sun/istack/istack-commons-runtime/3.0.7/istack-commons-runtime-3.0.7.jar:/home/alumno/.m2/repository/org/jvnet/staxex/stax-ex/1.8/stax-ex-1.8.jar:/home/alumno/.m2/repository/com/sun/xml/fastinfoset/FastInfoset/1.2.15/FastInfoset-1.2.15.jar:/home/alumno/.m2/repository/org/hibernate/hibernate-entitymanager/5.3.18.Final/hibernate-entitymanager-5.3.18.Final.jar:/home/alumno/.m2/repository/org/gridgain/ignite-hibernate_5.3/8.8.7/ignite-hibernate_5.3-8.8.7.jar:/home/alumno/.m2/repository/org/gridgain/ignite-core/8.8.7/ignite-core-8.8.7.jar:/home/alumno/.m2/repository/javax/cache/cache-api/1.0.0/cache-api-1.0.0.jar:/home/alumno/.m2/repository/org/jetbrains/annotations/16.0.3/annotations-16.0.3.jar:/home/alumno/.m2/repository/org/gridgain/ignite-shmem/8.7.3/ignite-shmem-8.7.3.jar:/home/alumno/.m2/repository/org/gridgain/ignite-hibernate-core/8.8.7/ignite-hibernate-core-8.8.7.jar:/home/alumno/.m2/repository/org/springframework/spring-core/5.2.9.RELEASE/spring-core-5.2.9.RELEASE.jar:/home/alumno/.m2/repository/org/springframework/spring-jcl/5.2.9.RELEASE/spring-jcl-5.2.9.RELEASE.jar:/home/alumno/.m2/repository/org/springframework/spring-aop/5.2.9.RELEASE/spring-aop-5.2.9.RELEASE.jar:/home/alumno/.m2/repository/org/springframework/spring-beans/5.2.9.RELEASE/spring-beans-5.2.9.RELEASE.jar:/home/alumno/.m2/repository/org/springframework/spring-context/5.2.9.RELEASE/spring-context-5.2.9.RELEASE.jar:/home/alumno/.m2/repository/org/springframework/spring-expression/5.2.9.RELEASE/spring-expression-5.2.9.RELEASE.jar:/home/alumno/.m2/repository/org/springframework/spring-orm/5.2.9.RELEASE/spring-orm-5.2.9.RELEASE.jar:/home/alumno/.m2/repository/org/springframework/spring-jdbc/5.2.9.RELEASE/spring-jdbc-5.2.9.RELEASE.jar:/home/alumno/.m2/repository/org/springframework/spring-tx/5.2.9.RELEASE/spring-tx-5.2.9.RELEASE.jar:/home/alumno/.m2/repository/com/fasterxml/jackson/core/jackson-core/2.11.2/jackson-core-2.11.2.jar:/home/alumno/.m2/repository/com/fasterxml/jackson/core/jackson-databind/2.11.2/jackson-databind-2.11.2.jar:/home/alumno/.m2/repository/com/fasterxml/jackson/core/jackson-annotations/2.11.2/jackson-annotations-2.11.2.jar:/home/alumno/.m2/repository/com/fasterxml/jackson/dataformat/jackson-dataformat-xml/2.11.2/jackson-dataformat-xml-2.11.2.jar:/home/alumno/.m2/repository/com/fasterxml/jackson/module/jackson-module-jaxb-annotations/2.11.2/jackson-module-jaxb-annotations-2.11.2.jar:/home/alumno/.m2/repository/jakarta/xml/bind/jakarta.xml.bind-api/2.3.2/jakarta.xml.bind-api-2.3.2.jar:/home/alumno/.m2/repository/jakarta/activation/jakarta.activation-api/1.2.1/jakarta.activation-api-1.2.1.jar:/home/alumno/.m2/repository/org/codehaus/woodstox/stax2-api/4.2/stax2-api-4.2.jar:/home/alumno/.m2/repository/com/fasterxml/woodstox/woodstox-core/5.2.1/woodstox-core-5.2.1.jar:/home/alumno/.m2/repository/com/fasterxml/jackson/module/jackson-module-parameter-names/2.11.2/jackson-module-parameter-names-2.11.2.jar:/home/alumno/.m2/repository/com/fasterxml/jackson/datatype/jackson-datatype-jdk8/2.11.2/jackson-datatype-jdk8-2.11.2.jar:/home/alumno/.m2/repository/com/fasterxml/jackson/datatype/jackson-datatype-jsr310/2.11.2/jackson-datatype-jsr310-2.11.2.jar:/home/alumno/.m2/repository/net/sf/ehcache/ehcache-core/2.6.11/ehcache-core-2.6.11.jar:/home/alumno/.m2/repository/org/apache/commons/commons-lang3/3.11/commons-lang3-3.11.jar:/home/alumno/Escritorio/Proyecto/sakai-21.x/kernel/component-manager/target/sakai-component-manager-21-SNAPSHOT.jar:/home/alumno/Escritorio/Proyecto/sakai-21.x/kernel/api/target/sakai-kernel-api-21-SNAPSHOT.jar:/home/alumno/.m2/repository/org/slf4j/slf4j-api/1.7.30/slf4j-api-1.7.30.jar:/home/alumno/.m2/repository/org/slf4j/slf4j-log4j12/1.7.30/slf4j-log4j12-1.7.30.jar:/home/alumno/.m2/repository/org/slf4j/jcl-over-slf4j/1.7.30/jcl-over-slf4j-1.7.30.jar:/home/alumno/.m2/repository/log4j/log4j/1.2.17/log4j-1.2.17.jar:/home/alumno/.m2/repository/org/projectlombok/lombok/1.18.12/lombok-1.18.12.jar:/home/alumno/.m2/repository/junit/junit/4.12/junit-4.12.jar:/home/alumno/.m2/repository/org/hamcrest/hamcrest-core/1.3/hamcrest-core-1.3.jar:"/>
    <property name="sun.cpu.endian" value="little"/>
    <property name="user.home" value="/home/alumno"/>
    <property name="user.language" value="es"/>
    <property name="java.specification.vendor" value="Oracle Corporation"/>
    <property name="java.home" value="/usr/lib/jvm/java-8-openjdk-amd64/jre"/>
    <property name="basedir" value="/home/alumno/Escritorio/Proyecto/sakai-21.x/kernel/kernel-private"/>
    <property name="file.separator" value="/"/>
    <property name="line.separator" value="&#10;"/>
    <property name="java.vm.specification.vendor" value="Oracle Corporation"/>
    <property name="java.specification.name" value="Java Platform API Specification"/>
    <property name="java.awt.graphicsenv" value="sun.awt.X11GraphicsEnvironment"/>
    <property name="java.awt.headless" value="true"/>
    <property name="lombok.disable" value="true"/>
    <property name="surefire.real.class.path" value="/home/alumno/Escritorio/Proyecto/sakai-21.x/kernel/kernel-private/target/surefire/surefirebooter591814059276670735.jar"/>
    <property name="sun.boot.class.path" value="/usr/lib/jvm/java-8-openjdk-amd64/jre/lib/resources.jar:/usr/lib/jvm/java-8-openjdk-amd64/jre/lib/rt.jar:/usr/lib/jvm/java-8-openjdk-amd64/jre/lib/sunrsasign.jar:/usr/lib/jvm/java-8-openjdk-amd64/jre/lib/jsse.jar:/usr/lib/jvm/java-8-openjdk-amd64/jre/lib/jce.jar:/usr/lib/jvm/java-8-openjdk-amd64/jre/lib/charsets.jar:/usr/lib/jvm/java-8-openjdk-amd64/jre/lib/jfr.jar:/usr/lib/jvm/java-8-openjdk-amd64/jre/classes"/>
    <property name="sun.management.compiler" value="HotSpot 64-Bit Tiered Compilers"/>
    <property name="java.runtime.version" value="1.8.0_402-8u402-ga-2ubuntu1~22.04-b06"/>
    <property name="user.name" value="alumno"/>
    <property name="path.separator" value=":"/>
    <property name="java.security.egd" value="file:/dev/./urandom"/>
    <property name="test.sakai.home" value=""/>
    <property name="os.version" value="6.2.16-5-pve"/>
    <property name="java.endorsed.dirs" value="/usr/lib/jvm/java-8-openjdk-amd64/jre/lib/endorsed"/>
    <property name="java.runtime.name" value="OpenJDK Runtime Environment"/>
    <property name="file.encoding" value="UTF-8"/>
    <property name="java.vm.name" value="OpenJDK 64-Bit Server VM"/>
    <property name="localRepository" value="/home/alumno/.m2/repository"/>
    <property name="java.vendor.url.bug" value="http://bugreport.sun.com/bugreport/"/>
    <property name="java.io.tmpdir" value="/tmp"/>
    <property name="java.version" value="1.8.0_402"/>
    <property name="user.dir" value="/home/alumno/Escritorio/Proyecto/sakai-21.x/kernel/kernel-private"/>
    <property name="os.arch" value="amd64"/>
    <property name="java.vm.specification.name" value="Java Virtual Machine Specification"/>
    <property name="maven.tomcat.home" value="/opt/tomcat"/>
    <property name="java.awt.printerjob" value="sun.print.PSPrinterJob"/>
    <property name="sun.os.patch.level" value="unknown"/>
    <property name="java.library.path" value="/usr/java/packages/lib/amd64:/usr/lib/x86_64-linux-gnu/jni:/lib/x86_64-linux-gnu:/usr/lib/x86_64-linux-gnu:/usr/lib/jni:/lib:/usr/lib"/>
    <property name="java.vm.info" value="mixed mode"/>
    <property name="java.vendor" value="Private Build"/>
    <property name="java.vm.version" value="25.402-b06"/>
    <property name="java.specification.maintenance.version" value="5"/>
    <property name="java.ext.dirs" value="/usr/lib/jvm/java-8-openjdk-amd64/jre/lib/ext:/usr/java/packages/lib/ext"/>
    <property name="sun.io.unicode.encoding" value="UnicodeLittle"/>
    <property name="java.class.version" value="52.0"/>
  </properties>
  <testcase name="criterionInRestrictionSplitter" classname="org.sakaiproject.hibernate.HibernateCriterionUtilsTest" time="0.001"/>
</testsuite>