<?xml version="1.0" encoding="UTF-8"?>
<testsuite xmlns:xsi="http://www.w3.org/2001/XMLSchema-instance" xsi:noNamespaceSchemaLocation="https://maven.apache.org/surefire/maven-surefire-plugin/xsd/surefire-test-report-3.0.xsd" version="3.0" name="org.sakaiproject.user.impl.PasswordServiceTest" time="0.514" tests="9" errors="0" skipped="0" failures="0">
  <properties>
    <property name="awt.toolkit" value="sun.awt.X11.XToolkit"/>
    <property name="file.encoding.pkg" value="sun.io"/>
    <property name="java.specification.version" value="1.8"/>
    <property name="sun.cpu.isalist" value=""/>
    <property name="sun.jnu.encoding" value="UTF-8"/>
    <property name="java.class.path" value="/home/alumno/Escritorio/Proyecto/sakai-21.x/kernel/kernel-impl/target/test-classes:/home/alumno/Escritorio/Proyecto/sakai-21.x/kernel/kernel-impl/target/classes:/home/alumno/Escritorio/Proyecto/sakai-21.x/kernel/api/target/sakai-kernel-api-21-SNAPSHOT.jar:/home/alumno/Escritorio/Proyecto/sakai-21.x/kernel/component-manager/target/sakai-component-manager-21-SNAPSHOT.jar:/home/alumno/Escritorio/Proyecto/sakai-21.x/kernel/kernel-util/target/sakai-kernel-util-21-SNAPSHOT.jar:/home/alumno/Escritorio/Proyecto/sakai-21.x/kernel/kernel-storage-util/target/sakai-kernel-storage-util-21-SNAPSHOT.jar:/home/alumno/.m2/repository/org/apache/tika/tika-core/1.24.1/tika-core-1.24.1.jar:/home/alumno/.m2/repository/org/apache/tika/tika-parsers/1.24.1/tika-parsers-1.24.1.jar:/home/alumno/.m2/repository/org/glassfish/jaxb/jaxb-runtime/2.3.2/jaxb-runtime-2.3.2.jar:/home/alumno/.m2/repository/jakarta/xml/bind/jakarta.xml.bind-api/2.3.2/jakarta.xml.bind-api-2.3.2.jar:/home/alumno/.m2/repository/org/glassfish/jaxb/txw2/2.3.2/txw2-2.3.2.jar:/home/alumno/.m2/repository/com/sun/istack/istack-commons-runtime/3.0.8/istack-commons-runtime-3.0.8.jar:/home/alumno/.m2/repository/org/jvnet/staxex/stax-ex/1.8.1/stax-ex-1.8.1.jar:/home/alumno/.m2/repository/com/sun/xml/fastinfoset/FastInfoset/1.2.16/FastInfoset-1.2.16.jar:/home/alumno/.m2/repository/com/sun/activation/jakarta.activation/1.2.1/jakarta.activation-1.2.1.jar:/home/alumno/.m2/repository/javax/annotation/javax.annotation-api/1.3.2/javax.annotation-api-1.3.2.jar:/home/alumno/.m2/repository/org/gagravarr/vorbis-java-tika/0.8/vorbis-java-tika-0.8.jar:/home/alumno/.m2/repository/org/tallison/jmatio/1.5/jmatio-1.5.jar:/home/alumno/.m2/repository/org/apache/james/apache-mime4j-core/0.8.3/apache-mime4j-core-0.8.3.jar:/home/alumno/.m2/repository/org/apache/james/apache-mime4j-dom/0.8.3/apache-mime4j-dom-0.8.3.jar:/home/alumno/.m2/repository/org/apache/commons/commons-compress/1.20/commons-compress-1.20.jar:/home/alumno/.m2/repository/org/tukaani/xz/1.8/xz-1.8.jar:/home/alumno/.m2/repository/com/epam/parso/2.0.11/parso-2.0.11.jar:/home/alumno/.m2/repository/org/brotli/dec/0.1.2/dec-0.1.2.jar:/home/alumno/.m2/repository/org/apache/pdfbox/pdfbox/2.0.19/pdfbox-2.0.19.jar:/home/alumno/.m2/repository/org/apache/pdfbox/fontbox/2.0.19/fontbox-2.0.19.jar:/home/alumno/.m2/repository/org/apache/pdfbox/pdfbox-tools/2.0.19/pdfbox-tools-2.0.19.jar:/home/alumno/.m2/repository/org/apache/pdfbox/preflight/2.0.19/preflight-2.0.19.jar:/home/alumno/.m2/repository/org/apache/pdfbox/xmpbox/2.0.19/xmpbox-2.0.19.jar:/home/alumno/.m2/repository/org/apache/pdfbox/jempbox/1.8.16/jempbox-1.8.16.jar:/home/alumno/.m2/repository/org/bouncycastle/bcmail-jdk15on/1.65/bcmail-jdk15on-1.65.jar:/home/alumno/.m2/repository/org/bouncycastle/bcpkix-jdk15on/1.65/bcpkix-jdk15on-1.65.jar:/home/alumno/.m2/repository/org/bouncycastle/bcprov-jdk15on/1.65/bcprov-jdk15on-1.65.jar:/home/alumno/.m2/repository/org/apache/poi/poi-scratchpad/4.1.2/poi-scratchpad-4.1.2.jar:/home/alumno/.m2/repository/com/healthmarketscience/jackcess/jackcess/3.0.1/jackcess-3.0.1.jar:/home/alumno/.m2/repository/com/healthmarketscience/jackcess/jackcess-encrypt/3.0.0/jackcess-encrypt-3.0.0.jar:/home/alumno/.m2/repository/org/ccil/cowan/tagsoup/tagsoup/1.2.1/tagsoup-1.2.1.jar:/home/alumno/.m2/repository/org/ow2/asm/asm/8.0.1/asm-8.0.1.jar:/home/alumno/.m2/repository/org/tallison/isoparser/1.9.41.2/isoparser-1.9.41.2.jar:/home/alumno/.m2/repository/org/tallison/metadata-extractor/2.13.0/metadata-extractor-2.13.0.jar:/home/alumno/.m2/repository/org/tallison/xmp/xmpcore-shaded/6.1.10/xmpcore-shaded-6.1.10.jar:/home/alumno/.m2/repository/com/adobe/xmp/xmpcore/6.1.10/xmpcore-6.1.10.jar:/home/alumno/.m2/repository/com/rometools/rome/1.12.2/rome-1.12.2.jar:/home/alumno/.m2/repository/com/rometools/rome-utils/1.12.2/rome-utils-1.12.2.jar:/home/alumno/.m2/repository/org/gagravarr/vorbis-java-core/0.8/vorbis-java-core-0.8.jar:/home/alumno/.m2/repository/com/googlecode/juniversalchardet/juniversalchardet/1.0.3/juniversalchardet-1.0.3.jar:/home/alumno/.m2/repository/org/codelibs/jhighlight/1.0.3/jhighlight-1.0.3.jar:/home/alumno/.m2/repository/com/pff/java-libpst/0.9.3/java-libpst-0.9.3.jar:/home/alumno/.m2/repository/com/github/junrar/junrar/4.0.0/junrar-4.0.0.jar:/home/alumno/.m2/repository/org/apache/cxf/cxf-rt-rs-client/3.3.6/cxf-rt-rs-client-3.3.6.jar:/home/alumno/.m2/repository/org/apache/cxf/cxf-rt-transports-http/3.3.6/cxf-rt-transports-http-3.3.6.jar:/home/alumno/.m2/repository/org/apache/cxf/cxf-core/3.3.6/cxf-core-3.3.6.jar:/home/alumno/.m2/repository/com/fasterxml/woodstox/woodstox-core/5.2.1/woodstox-core-5.2.1.jar:/home/alumno/.m2/repository/org/codehaus/woodstox/stax2-api/4.2/stax2-api-4.2.jar:/home/alumno/.m2/repository/org/apache/ws/xmlschema/xmlschema-core/2.2.5/xmlschema-core-2.2.5.jar:/home/alumno/.m2/repository/org/apache/cxf/cxf-rt-frontend-jaxrs/3.3.6/cxf-rt-frontend-jaxrs-3.3.6.jar:/home/alumno/.m2/repository/jakarta/ws/rs/jakarta.ws.rs-api/2.1.5/jakarta.ws.rs-api-2.1.5.jar:/home/alumno/.m2/repository/org/apache/cxf/cxf-rt-security/3.3.6/cxf-rt-security-3.3.6.jar:/home/alumno/.m2/repository/org/apache/commons/commons-exec/1.3/commons-exec-1.3.jar:/home/alumno/.m2/repository/org/apache/opennlp/opennlp-tools/1.9.2/opennlp-tools-1.9.2.jar:/home/alumno/.m2/repository/com/googlecode/json-simple/json-simple/1.1.1/json-simple-1.1.1.jar:/home/alumno/.m2/repository/com/github/openjson/openjson/1.0.12/openjson-1.0.12.jar:/home/alumno/.m2/repository/com/google/code/gson/gson/2.8.6/gson-2.8.6.jar:/home/alumno/.m2/repository/org/slf4j/jul-to-slf4j/1.7.28/jul-to-slf4j-1.7.28.jar:/home/alumno/.m2/repository/edu/ucar/netcdf4/4.5.5/netcdf4-4.5.5.jar:/home/alumno/.m2/repository/net/jcip/jcip-annotations/1.0/jcip-annotations-1.0.jar:/home/alumno/.m2/repository/org/jdom/jdom2/2.0.6/jdom2-2.0.6.jar:/home/alumno/.m2/repository/edu/ucar/grib/4.5.5/grib-4.5.5.jar:/home/alumno/.m2/repository/org/itadaki/bzip2/0.9.1/bzip2-0.9.1.jar:/home/alumno/.m2/repository/com/beust/jcommander/1.78/jcommander-1.78.jar:/home/alumno/.m2/repository/net/java/dev/jna/jna/5.5.0/jna-5.5.0.jar:/home/alumno/.m2/repository/com/google/protobuf/protobuf-java/3.11.4/protobuf-java-3.11.4.jar:/home/alumno/.m2/repository/edu/ucar/cdm/4.5.5/cdm-4.5.5.jar:/home/alumno/.m2/repository/edu/ucar/udunits/4.5.5/udunits-4.5.5.jar:/home/alumno/.m2/repository/joda-time/joda-time/2.2/joda-time-2.2.jar:/home/alumno/.m2/repository/org/quartz-scheduler/quartz/2.3.2/quartz-2.3.2.jar:/home/alumno/.m2/repository/com/zaxxer/HikariCP-java7/2.4.13/HikariCP-java7-2.4.13.jar:/home/alumno/.m2/repository/com/mchange/c3p0/0.9.5.5/c3p0-0.9.5.5.jar:/home/alumno/.m2/repository/com/mchange/mchange-commons-java/0.2.19/mchange-commons-java-0.2.19.jar:/home/alumno/.m2/repository/edu/ucar/httpservices/4.5.5/httpservices-4.5.5.jar:/home/alumno/.m2/repository/org/apache/httpcomponents/httpmime/4.5.13/httpmime-4.5.13.jar:/home/alumno/.m2/repository/org/apache/commons/commons-csv/1.8/commons-csv-1.8.jar:/home/alumno/.m2/repository/org/apache/sis/core/sis-utility/1.0/sis-utility-1.0.jar:/home/alumno/.m2/repository/javax/measure/unit-api/1.0/unit-api-1.0.jar:/home/alumno/.m2/repository/org/apache/sis/storage/sis-netcdf/1.0/sis-netcdf-1.0.jar:/home/alumno/.m2/repository/org/apache/sis/storage/sis-storage/1.0/sis-storage-1.0.jar:/home/alumno/.m2/repository/org/apache/sis/core/sis-feature/1.0/sis-feature-1.0.jar:/home/alumno/.m2/repository/org/apache/sis/core/sis-referencing/1.0/sis-referencing-1.0.jar:/home/alumno/.m2/repository/org/apache/sis/core/sis-metadata/1.0/sis-metadata-1.0.jar:/home/alumno/.m2/repository/org/opengis/geoapi/3.0.1/geoapi-3.0.1.jar:/home/alumno/.m2/repository/edu/usc/ir/sentiment-analysis-parser/0.1/sentiment-analysis-parser-0.1.jar:/home/alumno/.m2/repository/com/fasterxml/jackson/core/jackson-core/2.11.2/jackson-core-2.11.2.jar:/home/alumno/.m2/repository/com/fasterxml/jackson/core/jackson-databind/2.11.2/jackson-databind-2.11.2.jar:/home/alumno/.m2/repository/com/fasterxml/jackson/core/jackson-annotations/2.11.2/jackson-annotations-2.11.2.jar:/home/alumno/.m2/repository/org/apache/pdfbox/jbig2-imageio/3.0.3/jbig2-imageio-3.0.3.jar:/home/alumno/.m2/repository/com/github/jai-imageio/jai-imageio-core/1.4.0/jai-imageio-core-1.4.0.jar:/home/alumno/.m2/repository/org/apache/poi/poi/4.1.2/poi-4.1.2.jar:/home/alumno/.m2/repository/org/apache/commons/commons-math3/3.6.1/commons-math3-3.6.1.jar:/home/alumno/.m2/repository/com/zaxxer/SparseBitSet/1.2/SparseBitSet-1.2.jar:/home/alumno/.m2/repository/org/apache/poi/poi-ooxml/4.1.2/poi-ooxml-4.1.2.jar:/home/alumno/.m2/repository/org/apache/poi/poi-ooxml-schemas/4.1.2/poi-ooxml-schemas-4.1.2.jar:/home/alumno/.m2/repository/org/apache/xmlbeans/xmlbeans/3.1.0/xmlbeans-3.1.0.jar:/home/alumno/.m2/repository/com/github/virtuald/curvesapi/1.06/curvesapi-1.06.jar:/home/alumno/.m2/repository/fr/opensagres/xdocreport/fr.opensagres.xdocreport.document/2.0.2/fr.opensagres.xdocreport.document-2.0.2.jar:/home/alumno/.m2/repository/fr/opensagres/xdocreport/fr.opensagres.xdocreport.core/2.0.2/fr.opensagres.xdocreport.core-2.0.2.jar:/home/alumno/.m2/repository/fr/opensagres/xdocreport/fr.opensagres.xdocreport.converter/2.0.2/fr.opensagres.xdocreport.converter-2.0.2.jar:/home/alumno/.m2/repository/fr/opensagres/xdocreport/fr.opensagres.xdocreport.template/2.0.2/fr.opensagres.xdocreport.template-2.0.2.jar:/home/alumno/.m2/repository/fr/opensagres/xdocreport/org.apache.poi.xwpf.converter.xhtml/1.0.6/org.apache.poi.xwpf.converter.xhtml-1.0.6.jar:/home/alumno/.m2/repository/fr/opensagres/xdocreport/org.apache.poi.xwpf.converter.core/1.0.6/org.apache.poi.xwpf.converter.core-1.0.6.jar:/home/alumno/.m2/repository/org/apache/poi/ooxml-schemas/1.1/ooxml-schemas-1.1.jar:/home/alumno/.m2/repository/fr/opensagres/xdocreport/fr.opensagres.xdocreport.converter.odt.odfdom/2.0.2/fr.opensagres.xdocreport.converter.odt.odfdom-2.0.2.jar:/home/alumno/.m2/repository/fr/opensagres/xdocreport/fr.opensagres.odfdom.converter.pdf/2.0.2/fr.opensagres.odfdom.converter.pdf-2.0.2.jar:/home/alumno/.m2/repository/fr/opensagres/xdocreport/fr.opensagres.odfdom.converter.core/2.0.2/fr.opensagres.odfdom.converter.core-2.0.2.jar:/home/alumno/.m2/repository/org/odftoolkit/odfdom-java/0.8.7/odfdom-java-0.8.7.jar:/home/alumno/.m2/repository/fr/opensagres/xdocreport/fr.opensagres.xdocreport.itext.extension/2.0.2/fr.opensagres.xdocreport.itext.extension-2.0.2.jar:/home/alumno/.m2/repository/com/lowagie/itext/2.1.7/itext-2.1.7.jar:/home/alumno/.m2/repository/fr/opensagres/xdocreport/fr.opensagres.odfdom.converter.xhtml/2.0.2/fr.opensagres.odfdom.converter.xhtml-2.0.2.jar:/home/alumno/.m2/repository/org/zwobble/mammoth/mammoth/1.4.1/mammoth-1.4.1.jar:/home/alumno/Escritorio/Proyecto/sakai-21.x/kernel/kernel-private/target/sakai-kernel-private-21-SNAPSHOT.jar:/home/alumno/.m2/repository/commons-codec/commons-codec/1.15/commons-codec-1.15.jar:/home/alumno/.m2/repository/commons-io/commons-io/2.8.0/commons-io-2.8.0.jar:/home/alumno/.m2/repository/commons-dbcp/commons-dbcp/1.4/commons-dbcp-1.4.jar:/home/alumno/.m2/repository/commons-pool/commons-pool/1.6/commons-pool-1.6.jar:/home/alumno/.m2/repository/commons-lang/commons-lang/2.6/commons-lang-2.6.jar:/home/alumno/.m2/repository/org/apache/commons/commons-lang3/3.11/commons-lang3-3.11.jar:/home/alumno/.m2/repository/org/apache/commons/commons-text/1.10.0/commons-text-1.10.0.jar:/home/alumno/.m2/repository/commons-validator/commons-validator/1.7/commons-validator-1.7.jar:/home/alumno/.m2/repository/commons-beanutils/commons-beanutils/1.9.4/commons-beanutils-1.9.4.jar:/home/alumno/.m2/repository/commons-digester/commons-digester/2.1/commons-digester-2.1.jar:/home/alumno/.m2/repository/commons-logging/commons-logging/1.2/commons-logging-1.2.jar:/home/alumno/.m2/repository/commons-collections/commons-collections/3.2.2/commons-collections-3.2.2.jar:/home/alumno/.m2/repository/org/apache/commons/commons-collections4/4.4/commons-collections4-4.4.jar:/home/alumno/.m2/repository/org/apache/httpcomponents/httpclient/4.5.12/httpclient-4.5.12.jar:/home/alumno/.m2/repository/org/apache/httpcomponents/httpcore/4.4.13/httpcore-4.4.13.jar:/home/alumno/.m2/repository/com/opencsv/opencsv/5.2/opencsv-5.2.jar:/home/alumno/.m2/repository/org/hsqldb/hsqldb/2.5.0/hsqldb-2.5.0.jar:/home/alumno/.m2/repository/javax/servlet/javax.servlet-api/4.0.1/javax.servlet-api-4.0.1.jar:/home/alumno/.m2/repository/org/jvnet/opendmk/jmxremote_optional/1.0_01-ea/jmxremote_optional-1.0_01-ea.jar:/home/alumno/.m2/repository/net/sf/ehcache/ehcache-core/2.6.11/ehcache-core-2.6.11.jar:/home/alumno/.m2/repository/org/terracotta/terracotta-toolkit-1.6-runtime/5.9.0/terracotta-toolkit-1.6-runtime-5.9.0.jar:/home/alumno/.m2/repository/net/sf/ehcache/ehcache-terracotta/2.6.11/ehcache-terracotta-2.6.11.jar:/home/alumno/.m2/repository/com/hazelcast/hazelcast/3.12.1/hazelcast-3.12.1.jar:/home/alumno/.m2/repository/com/hazelcast/hazelcast-client/3.12.1/hazelcast-client-3.12.1.jar:/home/alumno/.m2/repository/com/google/guava/guava/23.0/guava-23.0.jar:/home/alumno/.m2/repository/com/google/errorprone/error_prone_annotations/2.0.18/error_prone_annotations-2.0.18.jar:/home/alumno/.m2/repository/com/google/j2objc/j2objc-annotations/1.1/j2objc-annotations-1.1.jar:/home/alumno/.m2/repository/org/codehaus/mojo/animal-sniffer-annotations/1.14/animal-sniffer-annotations-1.14.jar:/home/alumno/.m2/repository/com/google/code/findbugs/jsr305/2.0.3/jsr305-2.0.3.jar:/home/alumno/.m2/repository/org/azeckoski/reflectutils/0.9.19/reflectutils-0.9.19.jar:/home/alumno/.m2/repository/com/sun/mail/jakarta.mail/1.6.5/jakarta.mail-1.6.5.jar:/home/alumno/.m2/repository/javax/activation/javax.activation-api/1.2.0/javax.activation-api-1.2.0.jar:/home/alumno/.m2/repository/org/springframework/spring-core/5.2.9.RELEASE/spring-core-5.2.9.RELEASE.jar:/home/alumno/.m2/repository/org/springframework/spring-jcl/5.2.9.RELEASE/spring-jcl-5.2.9.RELEASE.jar:/home/alumno/.m2/repository/org/springframework/spring-beans/5.2.9.RELEASE/spring-beans-5.2.9.RELEASE.jar:/home/alumno/.m2/repository/org/springframework/spring-context/5.2.9.RELEASE/spring-context-5.2.9.RELEASE.jar:/home/alumno/.m2/repository/org/springframework/spring-aop/5.2.9.RELEASE/spring-aop-5.2.9.RELEASE.jar:/home/alumno/.m2/repository/org/springframework/spring-expression/5.2.9.RELEASE/spring-expression-5.2.9.RELEASE.jar:/home/alumno/.m2/repository/org/springframework/spring-context-support/5.2.9.RELEASE/spring-context-support-5.2.9.RELEASE.jar:/home/alumno/.m2/repository/org/springframework/spring-jdbc/5.2.9.RELEASE/spring-jdbc-5.2.9.RELEASE.jar:/home/alumno/.m2/repository/org/springframework/spring-orm/5.2.9.RELEASE/spring-orm-5.2.9.RELEASE.jar:/home/alumno/.m2/repository/org/springframework/spring-tx/5.2.9.RELEASE/spring-tx-5.2.9.RELEASE.jar:/home/alumno/.m2/repository/org/springframework/data/spring-data-jpa/2.3.4.RELEASE/spring-data-jpa-2.3.4.RELEASE.jar:/home/alumno/.m2/repository/org/springframework/data/spring-data-commons/2.3.4.RELEASE/spring-data-commons-2.3.4.RELEASE.jar:/home/alumno/.m2/repository/org/aspectj/aspectjrt/1.9.6/aspectjrt-1.9.6.jar:/home/alumno/.m2/repository/org/springframework/spring-test/5.2.9.RELEASE/spring-test-5.2.9.RELEASE.jar:/home/alumno/.m2/repository/org/apache/ignite/ignite-core/2.12.0/ignite-core-2.12.0.jar:/home/alumno/.m2/repository/javax/cache/cache-api/1.0.0/cache-api-1.0.0.jar:/home/alumno/.m2/repository/org/jetbrains/annotations/16.0.3/annotations-16.0.3.jar:/home/alumno/.m2/repository/org/gridgain/ignite-shmem/1.0.0/ignite-shmem-1.0.0.jar:/home/alumno/.m2/repository/org/apache/ignite/ignite-spring/2.12.0/ignite-spring-2.12.0.jar:/home/alumno/.m2/repository/org/apache/ignite/ignite-indexing/2.12.0/ignite-indexing-2.12.0.jar:/home/alumno/.m2/repository/org/apache/lucene/lucene-core/4.10.4/lucene-core-4.10.4.jar:/home/alumno/.m2/repository/org/apache/lucene/lucene-analyzers-common/4.10.4/lucene-analyzers-common-4.10.4.jar:/home/alumno/.m2/repository/org/apache/lucene/lucene-queryparser/4.10.4/lucene-queryparser-4.10.4.jar:/home/alumno/.m2/repository/org/apache/lucene/lucene-queries/4.10.4/lucene-queries-4.10.4.jar:/home/alumno/.m2/repository/org/apache/lucene/lucene-sandbox/4.10.4/lucene-sandbox-4.10.4.jar:/home/alumno/.m2/repository/com/h2database/h2/1.4.197/h2-1.4.197.jar:/home/alumno/.m2/repository/org/apache/ignite/ignite-spring-cache-ext/1.0.0/ignite-spring-cache-ext-1.0.0.jar:/home/alumno/.m2/repository/org/apache/ignite/ignite-spring-data-commons/1.1.0/ignite-spring-data-commons-1.1.0.jar:/home/alumno/.m2/repository/org/apache/ignite/ignite-hibernate-core/2.12.0/ignite-hibernate-core-2.12.0.jar:/home/alumno/.m2/repository/org/gridgain/ignite-hibernate_5.3/8.8.7/ignite-hibernate_5.3-8.8.7.jar:/home/alumno/.m2/repository/org/gridgain/ignite-core/8.8.7/ignite-core-8.8.7.jar:/home/alumno/.m2/repository/org/gridgain/ignite-hibernate-core/8.8.7/ignite-hibernate-core-8.8.7.jar:/home/alumno/.m2/repository/org/apache/ignite/ignite-slf4j/2.12.0/ignite-slf4j-2.12.0.jar:/home/alumno/.m2/repository/org/hibernate/hibernate-entitymanager/5.3.18.Final/hibernate-entitymanager-5.3.18.Final.jar:/home/alumno/.m2/repository/org/jboss/logging/jboss-logging/3.4.0.Final/jboss-logging-3.4.0.Final.jar:/home/alumno/.m2/repository/org/dom4j/dom4j/2.1.3/dom4j-2.1.3.jar:/home/alumno/.m2/repository/org/hibernate/common/hibernate-commons-annotations/5.0.4.Final/hibernate-commons-annotations-5.0.4.Final.jar:/home/alumno/.m2/repository/javax/persistence/javax.persistence-api/2.2/javax.persistence-api-2.2.jar:/home/alumno/.m2/repository/net/bytebuddy/byte-buddy/1.10.2/byte-buddy-1.10.2.jar:/home/alumno/.m2/repository/org/jboss/spec/javax/transaction/jboss-transaction-api_1.2_spec/1.1.1.Final/jboss-transaction-api_1.2_spec-1.1.1.Final.jar:/home/alumno/.m2/repository/org/hibernate/hibernate-core/5.3.18.Final/hibernate-core-5.3.18.Final.jar:/home/alumno/.m2/repository/antlr/antlr/2.7.7/antlr-2.7.7.jar:/home/alumno/.m2/repository/org/jboss/jandex/2.1.1.Final/jandex-2.1.1.Final.jar:/home/alumno/.m2/repository/com/fasterxml/classmate/1.5.0/classmate-1.5.0.jar:/home/alumno/.m2/repository/javax/xml/bind/jaxb-api/2.3.1/jaxb-api-2.3.1.jar:/home/alumno/.m2/repository/org/javassist/javassist/3.25.0-GA/javassist-3.25.0-GA.jar:/home/alumno/.m2/repository/cglib/cglib-nodep/3.2.12/cglib-nodep-3.2.12.jar:/home/alumno/.m2/repository/org/jasypt/jasypt/1.9.2/jasypt-1.9.2.jar:/home/alumno/.m2/repository/org/owasp/antisamy/antisamy/1.6.4/antisamy-1.6.4.jar:/home/alumno/.m2/repository/net/sourceforge/nekohtml/nekohtml/1.9.22/nekohtml-1.9.22.jar:/home/alumno/.m2/repository/org/apache/xmlgraphics/batik-css/1.14/batik-css-1.14.jar:/home/alumno/.m2/repository/org/apache/xmlgraphics/batik-shared-resources/1.14/batik-shared-resources-1.14.jar:/home/alumno/.m2/repository/org/apache/xmlgraphics/batik-util/1.14/batik-util-1.14.jar:/home/alumno/.m2/repository/org/apache/xmlgraphics/batik-constants/1.14/batik-constants-1.14.jar:/home/alumno/.m2/repository/org/apache/xmlgraphics/batik-i18n/1.14/batik-i18n-1.14.jar:/home/alumno/.m2/repository/org/apache/xmlgraphics/xmlgraphics-commons/1.5/xmlgraphics-commons-1.5.jar:/home/alumno/.m2/repository/org/slf4j/slf4j-simple/1.7.31/slf4j-simple-1.7.31.jar:/home/alumno/.m2/repository/xml-apis/xml-apis-ext/1.3.04/xml-apis-ext-1.3.04.jar:/home/alumno/.m2/repository/xml-apis/xml-apis/1.4.01/xml-apis-1.4.01.jar:/home/alumno/.m2/repository/xerces/xmlParserAPIs/2.6.2/xmlParserAPIs-2.6.2.jar:/home/alumno/.m2/repository/xerces/xercesImpl/2.12.0/xercesImpl-2.12.0.jar:/home/alumno/.m2/repository/org/jsoup/jsoup/1.12.1/jsoup-1.12.1.jar:/home/alumno/.m2/repository/org/subethamail/subethasmtp/3.1.7/subethasmtp-3.1.7.jar:/home/alumno/.m2/repository/javax/mail/mail/1.5.0-b01/mail-1.5.0-b01.jar:/home/alumno/.m2/repository/javax/activation/activation/1.1.1/activation-1.1.1.jar:/home/alumno/.m2/repository/com/carrotsearch/java-sizeof/0.0.5/java-sizeof-0.0.5.jar:/home/alumno/.m2/repository/org/jmock/jmock/2.5.1/jmock-2.5.1.jar:/home/alumno/.m2/repository/org/jmock/jmock-junit4/2.5.1/jmock-junit4-2.5.1.jar:/home/alumno/.m2/repository/org/jmock/jmock-legacy/2.8.4/jmock-legacy-2.8.4.jar:/home/alumno/.m2/repository/org/objenesis/objenesis/2.1/objenesis-2.1.jar:/home/alumno/.m2/repository/org/jmock/jmock-junit3/2.5.1/jmock-junit3-2.5.1.jar:/home/alumno/.m2/repository/org/mockito/mockito-core/3.4.4/mockito-core-3.4.4.jar:/home/alumno/.m2/repository/net/bytebuddy/byte-buddy-agent/1.10.13/byte-buddy-agent-1.10.13.jar:/home/alumno/.m2/repository/org/hamcrest/hamcrest-core/1.3/hamcrest-core-1.3.jar:/home/alumno/.m2/repository/org/hamcrest/hamcrest-library/1.3/hamcrest-library-1.3.jar:/home/alumno/.m2/repository/org/apache/tomcat/tomcat-jdbc/9.0.40/tomcat-jdbc-9.0.40.jar:/home/alumno/.m2/repository/org/apache/tomcat/tomcat-juli/9.0.40/tomcat-juli-9.0.40.jar:/home/alumno/.m2/repository/com/zaxxer/HikariCP/3.4.2/HikariCP-3.4.2.jar:/home/alumno/.m2/repository/org/passay/passay/1.6.0/passay-1.6.0.jar:/home/alumno/.m2/repository/org/slf4j/slf4j-api/1.7.30/slf4j-api-1.7.30.jar:/home/alumno/.m2/repository/org/slf4j/slf4j-log4j12/1.7.30/slf4j-log4j12-1.7.30.jar:/home/alumno/.m2/repository/org/slf4j/jcl-over-slf4j/1.7.30/jcl-over-slf4j-1.7.30.jar:/home/alumno/.m2/repository/log4j/log4j/1.2.17/log4j-1.2.17.jar:/home/alumno/.m2/repository/org/projectlombok/lombok/1.18.12/lombok-1.18.12.jar:/home/alumno/.m2/repository/junit/junit/4.12/junit-4.12.jar:"/>
    <property name="java.vm.vendor" value="Private Build"/>
    <property name="sun.arch.data.model" value="64"/>
    <property name="java.vendor.url" value="http://java.oracle.com/"/>
    <property name="user.timezone" value=""/>
    <property name="java.vm.specification.version" value="1.8"/>
    <property name="os.name" value="Linux"/>
    <property name="user.country" value="ES"/>
    <property name="sun.java.launcher" value="SUN_STANDARD"/>
    <property name="sun.boot.library.path" value="/usr/lib/jvm/java-8-openjdk-amd64/jre/lib/amd64"/>
    <property name="sun.java.command" value="/home/alumno/Escritorio/Proyecto/sakai-21.x/kernel/kernel-impl/target/surefire/surefirebooter5297604416147325813.jar /home/alumno/Escritorio/Proyecto/sakai-21.x/kernel/kernel-impl/target/surefire 2024-04-11T13-13-44_564-jvmRun1 surefire7148146383356981377tmp surefire_623099765604942457048tmp"/>
    <property name="surefire.test.class.path" value="/home/alumno/Escritorio/Proyecto/sakai-21.x/kernel/kernel-impl/target/test-classes:/home/alumno/Escritorio/Proyecto/sakai-21.x/kernel/kernel-impl/target/classes:/home/alumno/Escritorio/Proyecto/sakai-21.x/kernel/api/target/sakai-kernel-api-21-SNAPSHOT.jar:/home/alumno/Escritorio/Proyecto/sakai-21.x/kernel/component-manager/target/sakai-component-manager-21-SNAPSHOT.jar:/home/alumno/Escritorio/Proyecto/sakai-21.x/kernel/kernel-util/target/sakai-kernel-util-21-SNAPSHOT.jar:/home/alumno/Escritorio/Proyecto/sakai-21.x/kernel/kernel-storage-util/target/sakai-kernel-storage-util-21-SNAPSHOT.jar:/home/alumno/.m2/repository/org/apache/tika/tika-core/1.24.1/tika-core-1.24.1.jar:/home/alumno/.m2/repository/org/apache/tika/tika-parsers/1.24.1/tika-parsers-1.24.1.jar:/home/alumno/.m2/repository/org/glassfish/jaxb/jaxb-runtime/2.3.2/jaxb-runtime-2.3.2.jar:/home/alumno/.m2/repository/jakarta/xml/bind/jakarta.xml.bind-api/2.3.2/jakarta.xml.bind-api-2.3.2.jar:/home/alumno/.m2/repository/org/glassfish/jaxb/txw2/2.3.2/txw2-2.3.2.jar:/home/alumno/.m2/repository/com/sun/istack/istack-commons-runtime/3.0.8/istack-commons-runtime-3.0.8.jar:/home/alumno/.m2/repository/org/jvnet/staxex/stax-ex/1.8.1/stax-ex-1.8.1.jar:/home/alumno/.m2/repository/com/sun/xml/fastinfoset/FastInfoset/1.2.16/FastInfoset-1.2.16.jar:/home/alumno/.m2/repository/com/sun/activation/jakarta.activation/1.2.1/jakarta.activation-1.2.1.jar:/home/alumno/.m2/repository/javax/annotation/javax.annotation-api/1.3.2/javax.annotation-api-1.3.2.jar:/home/alumno/.m2/repository/org/gagravarr/vorbis-java-tika/0.8/vorbis-java-tika-0.8.jar:/home/alumno/.m2/repository/org/tallison/jmatio/1.5/jmatio-1.5.jar:/home/alumno/.m2/repository/org/apache/james/apache-mime4j-core/0.8.3/apache-mime4j-core-0.8.3.jar:/home/alumno/.m2/repository/org/apache/james/apache-mime4j-dom/0.8.3/apache-mime4j-dom-0.8.3.jar:/home/alumno/.m2/repository/org/apache/commons/commons-compress/1.20/commons-compress-1.20.jar:/home/alumno/.m2/repository/org/tukaani/xz/1.8/xz-1.8.jar:/home/alumno/.m2/repository/com/epam/parso/2.0.11/parso-2.0.11.jar:/home/alumno/.m2/repository/org/brotli/dec/0.1.2/dec-0.1.2.jar:/home/alumno/.m2/repository/org/apache/pdfbox/pdfbox/2.0.19/pdfbox-2.0.19.jar:/home/alumno/.m2/repository/org/apache/pdfbox/fontbox/2.0.19/fontbox-2.0.19.jar:/home/alumno/.m2/repository/org/apache/pdfbox/pdfbox-tools/2.0.19/pdfbox-tools-2.0.19.jar:/home/alumno/.m2/repository/org/apache/pdfbox/preflight/2.0.19/preflight-2.0.19.jar:/home/alumno/.m2/repository/org/apache/pdfbox/xmpbox/2.0.19/xmpbox-2.0.19.jar:/home/alumno/.m2/repository/org/apache/pdfbox/jempbox/1.8.16/jempbox-1.8.16.jar:/home/alumno/.m2/repository/org/bouncycastle/bcmail-jdk15on/1.65/bcmail-jdk15on-1.65.jar:/home/alumno/.m2/repository/org/bouncycastle/bcpkix-jdk15on/1.65/bcpkix-jdk15on-1.65.jar:/home/alumno/.m2/repository/org/bouncycastle/bcprov-jdk15on/1.65/bcprov-jdk15on-1.65.jar:/home/alumno/.m2/repository/org/apache/poi/poi-scratchpad/4.1.2/poi-scratchpad-4.1.2.jar:/home/alumno/.m2/repository/com/healthmarketscience/jackcess/jackcess/3.0.1/jackcess-3.0.1.jar:/home/alumno/.m2/repository/com/healthmarketscience/jackcess/jackcess-encrypt/3.0.0/jackcess-encrypt-3.0.0.jar:/home/alumno/.m2/repository/org/ccil/cowan/tagsoup/tagsoup/1.2.1/tagsoup-1.2.1.jar:/home/alumno/.m2/repository/org/ow2/asm/asm/8.0.1/asm-8.0.1.jar:/home/alumno/.m2/repository/org/tallison/isoparser/1.9.41.2/isoparser-1.9.41.2.jar:/home/alumno/.m2/repository/org/tallison/metadata-extractor/2.13.0/metadata-extractor-2.13.0.jar:/home/alumno/.m2/repository/org/tallison/xmp/xmpcore-shaded/6.1.10/xmpcore-shaded-6.1.10.jar:/home/alumno/.m2/repository/com/adobe/xmp/xmpcore/6.1.10/xmpcore-6.1.10.jar:/home/alumno/.m2/repository/com/rometools/rome/1.12.2/rome-1.12.2.jar:/home/alumno/.m2/repository/com/rometools/rome-utils/1.12.2/rome-utils-1.12.2.jar:/home/alumno/.m2/repository/org/gagravarr/vorbis-java-core/0.8/vorbis-java-core-0.8.jar:/home/alumno/.m2/repository/com/googlecode/juniversalchardet/juniversalchardet/1.0.3/juniversalchardet-1.0.3.jar:/home/alumno/.m2/repository/org/codelibs/jhighlight/1.0.3/jhighlight-1.0.3.jar:/home/alumno/.m2/repository/com/pff/java-libpst/0.9.3/java-libpst-0.9.3.jar:/home/alumno/.m2/repository/com/github/junrar/junrar/4.0.0/junrar-4.0.0.jar:/home/alumno/.m2/repository/org/apache/cxf/cxf-rt-rs-client/3.3.6/cxf-rt-rs-client-3.3.6.jar:/home/alumno/.m2/repository/org/apache/cxf/cxf-rt-transports-http/3.3.6/cxf-rt-transports-http-3.3.6.jar:/home/alumno/.m2/repository/org/apache/cxf/cxf-core/3.3.6/cxf-core-3.3.6.jar:/home/alumno/.m2/repository/com/fasterxml/woodstox/woodstox-core/5.2.1/woodstox-core-5.2.1.jar:/home/alumno/.m2/repository/org/codehaus/woodstox/stax2-api/4.2/stax2-api-4.2.jar:/home/alumno/.m2/repository/org/apache/ws/xmlschema/xmlschema-core/2.2.5/xmlschema-core-2.2.5.jar:/home/alumno/.m2/repository/org/apache/cxf/cxf-rt-frontend-jaxrs/3.3.6/cxf-rt-frontend-jaxrs-3.3.6.jar:/home/alumno/.m2/repository/jakarta/ws/rs/jakarta.ws.rs-api/2.1.5/jakarta.ws.rs-api-2.1.5.jar:/home/alumno/.m2/repository/org/apache/cxf/cxf-rt-security/3.3.6/cxf-rt-security-3.3.6.jar:/home/alumno/.m2/repository/org/apache/commons/commons-exec/1.3/commons-exec-1.3.jar:/home/alumno/.m2/repository/org/apache/opennlp/opennlp-tools/1.9.2/opennlp-tools-1.9.2.jar:/home/alumno/.m2/repository/com/googlecode/json-simple/json-simple/1.1.1/json-simple-1.1.1.jar:/home/alumno/.m2/repository/com/github/openjson/openjson/1.0.12/openjson-1.0.12.jar:/home/alumno/.m2/repository/com/google/code/gson/gson/2.8.6/gson-2.8.6.jar:/home/alumno/.m2/repository/org/slf4j/jul-to-slf4j/1.7.28/jul-to-slf4j-1.7.28.jar:/home/alumno/.m2/repository/edu/ucar/netcdf4/4.5.5/netcdf4-4.5.5.jar:/home/alumno/.m2/repository/net/jcip/jcip-annotations/1.0/jcip-annotations-1.0.jar:/home/alumno/.m2/repository/org/jdom/jdom2/2.0.6/jdom2-2.0.6.jar:/home/alumno/.m2/repository/edu/ucar/grib/4.5.5/grib-4.5.5.jar:/home/alumno/.m2/repository/org/itadaki/bzip2/0.9.1/bzip2-0.9.1.jar:/home/alumno/.m2/repository/com/beust/jcommander/1.78/jcommander-1.78.jar:/home/alumno/.m2/repository/net/java/dev/jna/jna/5.5.0/jna-5.5.0.jar:/home/alumno/.m2/repository/com/google/protobuf/protobuf-java/3.11.4/protobuf-java-3.11.4.jar:/home/alumno/.m2/repository/edu/ucar/cdm/4.5.5/cdm-4.5.5.jar:/home/alumno/.m2/repository/edu/ucar/udunits/4.5.5/udunits-4.5.5.jar:/home/alumno/.m2/repository/joda-time/joda-time/2.2/joda-time-2.2.jar:/home/alumno/.m2/repository/org/quartz-scheduler/quartz/2.3.2/quartz-2.3.2.jar:/home/alumno/.m2/repository/com/zaxxer/HikariCP-java7/2.4.13/HikariCP-java7-2.4.13.jar:/home/alumno/.m2/repository/com/mchange/c3p0/0.9.5.5/c3p0-0.9.5.5.jar:/home/alumno/.m2/repository/com/mchange/mchange-commons-java/0.2.19/mchange-commons-java-0.2.19.jar:/home/alumno/.m2/repository/edu/ucar/httpservices/4.5.5/httpservices-4.5.5.jar:/home/alumno/.m2/repository/org/apache/httpcomponents/httpmime/4.5.13/httpmime-4.5.13.jar:/home/alumno/.m2/repository/org/apache/commons/commons-csv/1.8/commons-csv-1.8.jar:/home/alumno/.m2/repository/org/apache/sis/core/sis-utility/1.0/sis-utility-1.0.jar:/home/alumno/.m2/repository/javax/measure/unit-api/1.0/unit-api-1.0.jar:/home/alumno/.m2/repository/org/apache/sis/storage/sis-netcdf/1.0/sis-netcdf-1.0.jar:/home/alumno/.m2/repository/org/apache/sis/storage/sis-storage/1.0/sis-storage-1.0.jar:/home/alumno/.m2/repository/org/apache/sis/core/sis-feature/1.0/sis-feature-1.0.jar:/home/alumno/.m2/repository/org/apache/sis/core/sis-referencing/1.0/sis-referencing-1.0.jar:/home/alumno/.m2/repository/org/apache/sis/core/sis-metadata/1.0/sis-metadata-1.0.jar:/home/alumno/.m2/repository/org/opengis/geoapi/3.0.1/geoapi-3.0.1.jar:/home/alumno/.m2/repository/edu/usc/ir/sentiment-analysis-parser/0.1/sentiment-analysis-parser-0.1.jar:/home/alumno/.m2/repository/com/fasterxml/jackson/core/jackson-core/2.11.2/jackson-core-2.11.2.jar:/home/alumno/.m2/repository/com/fasterxml/jackson/core/jackson-databind/2.11.2/jackson-databind-2.11.2.jar:/home/alumno/.m2/repository/com/fasterxml/jackson/core/jackson-annotations/2.11.2/jackson-annotations-2.11.2.jar:/home/alumno/.m2/repository/org/apache/pdfbox/jbig2-imageio/3.0.3/jbig2-imageio-3.0.3.jar:/home/alumno/.m2/repository/com/github/jai-imageio/jai-imageio-core/1.4.0/jai-imageio-core-1.4.0.jar:/home/alumno/.m2/repository/org/apache/poi/poi/4.1.2/poi-4.1.2.jar:/home/alumno/.m2/repository/org/apache/commons/commons-math3/3.6.1/commons-math3-3.6.1.jar:/home/alumno/.m2/repository/com/zaxxer/SparseBitSet/1.2/SparseBitSet-1.2.jar:/home/alumno/.m2/repository/org/apache/poi/poi-ooxml/4.1.2/poi-ooxml-4.1.2.jar:/home/alumno/.m2/repository/org/apache/poi/poi-ooxml-schemas/4.1.2/poi-ooxml-schemas-4.1.2.jar:/home/alumno/.m2/repository/org/apache/xmlbeans/xmlbeans/3.1.0/xmlbeans-3.1.0.jar:/home/alumno/.m2/repository/com/github/virtuald/curvesapi/1.06/curvesapi-1.06.jar:/home/alumno/.m2/repository/fr/opensagres/xdocreport/fr.opensagres.xdocreport.document/2.0.2/fr.opensagres.xdocreport.document-2.0.2.jar:/home/alumno/.m2/repository/fr/opensagres/xdocreport/fr.opensagres.xdocreport.core/2.0.2/fr.opensagres.xdocreport.core-2.0.2.jar:/home/alumno/.m2/repository/fr/opensagres/xdocreport/fr.opensagres.xdocreport.converter/2.0.2/fr.opensagres.xdocreport.converter-2.0.2.jar:/home/alumno/.m2/repository/fr/opensagres/xdocreport/fr.opensagres.xdocreport.template/2.0.2/fr.opensagres.xdocreport.template-2.0.2.jar:/home/alumno/.m2/repository/fr/opensagres/xdocreport/org.apache.poi.xwpf.converter.xhtml/1.0.6/org.apache.poi.xwpf.converter.xhtml-1.0.6.jar:/home/alumno/.m2/repository/fr/opensagres/xdocreport/org.apache.poi.xwpf.converter.core/1.0.6/org.apache.poi.xwpf.converter.core-1.0.6.jar:/home/alumno/.m2/repository/org/apache/poi/ooxml-schemas/1.1/ooxml-schemas-1.1.jar:/home/alumno/.m2/repository/fr/opensagres/xdocreport/fr.opensagres.xdocreport.converter.odt.odfdom/2.0.2/fr.opensagres.xdocreport.converter.odt.odfdom-2.0.2.jar:/home/alumno/.m2/repository/fr/opensagres/xdocreport/fr.opensagres.odfdom.converter.pdf/2.0.2/fr.opensagres.odfdom.converter.pdf-2.0.2.jar:/home/alumno/.m2/repository/fr/opensagres/xdocreport/fr.opensagres.odfdom.converter.core/2.0.2/fr.opensagres.odfdom.converter.core-2.0.2.jar:/home/alumno/.m2/repository/org/odftoolkit/odfdom-java/0.8.7/odfdom-java-0.8.7.jar:/home/alumno/.m2/repository/fr/opensagres/xdocreport/fr.opensagres.xdocreport.itext.extension/2.0.2/fr.opensagres.xdocreport.itext.extension-2.0.2.jar:/home/alumno/.m2/repository/com/lowagie/itext/2.1.7/itext-2.1.7.jar:/home/alumno/.m2/repository/fr/opensagres/xdocreport/fr.opensagres.odfdom.converter.xhtml/2.0.2/fr.opensagres.odfdom.converter.xhtml-2.0.2.jar:/home/alumno/.m2/repository/org/zwobble/mammoth/mammoth/1.4.1/mammoth-1.4.1.jar:/home/alumno/Escritorio/Proyecto/sakai-21.x/kernel/kernel-private/target/sakai-kernel-private-21-SNAPSHOT.jar:/home/alumno/.m2/repository/commons-codec/commons-codec/1.15/commons-codec-1.15.jar:/home/alumno/.m2/repository/commons-io/commons-io/2.8.0/commons-io-2.8.0.jar:/home/alumno/.m2/repository/commons-dbcp/commons-dbcp/1.4/commons-dbcp-1.4.jar:/home/alumno/.m2/repository/commons-pool/commons-pool/1.6/commons-pool-1.6.jar:/home/alumno/.m2/repository/commons-lang/commons-lang/2.6/commons-lang-2.6.jar:/home/alumno/.m2/repository/org/apache/commons/commons-lang3/3.11/commons-lang3-3.11.jar:/home/alumno/.m2/repository/org/apache/commons/commons-text/1.10.0/commons-text-1.10.0.jar:/home/alumno/.m2/repository/commons-validator/commons-validator/1.7/commons-validator-1.7.jar:/home/alumno/.m2/repository/commons-beanutils/commons-beanutils/1.9.4/commons-beanutils-1.9.4.jar:/home/alumno/.m2/repository/commons-digester/commons-digester/2.1/commons-digester-2.1.jar:/home/alumno/.m2/repository/commons-logging/commons-logging/1.2/commons-logging-1.2.jar:/home/alumno/.m2/repository/commons-collections/commons-collections/3.2.2/commons-collections-3.2.2.jar:/home/alumno/.m2/repository/org/apache/commons/commons-collections4/4.4/commons-collections4-4.4.jar:/home/alumno/.m2/repository/org/apache/httpcomponents/httpclient/4.5.12/httpclient-4.5.12.jar:/home/alumno/.m2/repository/org/apache/httpcomponents/httpcore/4.4.13/httpcore-4.4.13.jar:/home/alumno/.m2/repository/com/opencsv/opencsv/5.2/opencsv-5.2.jar:/home/alumno/.m2/repository/org/hsqldb/hsqldb/2.5.0/hsqldb-2.5.0.jar:/home/alumno/.m2/repository/javax/servlet/javax.servlet-api/4.0.1/javax.servlet-api-4.0.1.jar:/home/alumno/.m2/repository/org/jvnet/opendmk/jmxremote_optional/1.0_01-ea/jmxremote_optional-1.0_01-ea.jar:/home/alumno/.m2/repository/net/sf/ehcache/ehcache-core/2.6.11/ehcache-core-2.6.11.jar:/home/alumno/.m2/repository/org/terracotta/terracotta-toolkit-1.6-runtime/5.9.0/terracotta-toolkit-1.6-runtime-5.9.0.jar:/home/alumno/.m2/repository/net/sf/ehcache/ehcache-terracotta/2.6.11/ehcache-terracotta-2.6.11.jar:/home/alumno/.m2/repository/com/hazelcast/hazelcast/3.12.1/hazelcast-3.12.1.jar:/home/alumno/.m2/repository/com/hazelcast/hazelcast-client/3.12.1/hazelcast-client-3.12.1.jar:/home/alumno/.m2/repository/com/google/guava/guava/23.0/guava-23.0.jar:/home/alumno/.m2/repository/com/google/errorprone/error_prone_annotations/2.0.18/error_prone_annotations-2.0.18.jar:/home/alumno/.m2/repository/com/google/j2objc/j2objc-annotations/1.1/j2objc-annotations-1.1.jar:/home/alumno/.m2/repository/org/codehaus/mojo/animal-sniffer-annotations/1.14/animal-sniffer-annotations-1.14.jar:/home/alumno/.m2/repository/com/google/code/findbugs/jsr305/2.0.3/jsr305-2.0.3.jar:/home/alumno/.m2/repository/org/azeckoski/reflectutils/0.9.19/reflectutils-0.9.19.jar:/home/alumno/.m2/repository/com/sun/mail/jakarta.mail/1.6.5/jakarta.mail-1.6.5.jar:/home/alumno/.m2/repository/javax/activation/javax.activation-api/1.2.0/javax.activation-api-1.2.0.jar:/home/alumno/.m2/repository/org/springframework/spring-core/5.2.9.RELEASE/spring-core-5.2.9.RELEASE.jar:/home/alumno/.m2/repository/org/springframework/spring-jcl/5.2.9.RELEASE/spring-jcl-5.2.9.RELEASE.jar:/home/alumno/.m2/repository/org/springframework/spring-beans/5.2.9.RELEASE/spring-beans-5.2.9.RELEASE.jar:/home/alumno/.m2/repository/org/springframework/spring-context/5.2.9.RELEASE/spring-context-5.2.9.RELEASE.jar:/home/alumno/.m2/repository/org/springframework/spring-aop/5.2.9.RELEASE/spring-aop-5.2.9.RELEASE.jar:/home/alumno/.m2/repository/org/springframework/spring-expression/5.2.9.RELEASE/spring-expression-5.2.9.RELEASE.jar:/home/alumno/.m2/repository/org/springframework/spring-context-support/5.2.9.RELEASE/spring-context-support-5.2.9.RELEASE.jar:/home/alumno/.m2/repository/org/springframework/spring-jdbc/5.2.9.RELEASE/spring-jdbc-5.2.9.RELEASE.jar:/home/alumno/.m2/repository/org/springframework/spring-orm/5.2.9.RELEASE/spring-orm-5.2.9.RELEASE.jar:/home/alumno/.m2/repository/org/springframework/spring-tx/5.2.9.RELEASE/spring-tx-5.2.9.RELEASE.jar:/home/alumno/.m2/repository/org/springframework/data/spring-data-jpa/2.3.4.RELEASE/spring-data-jpa-2.3.4.RELEASE.jar:/home/alumno/.m2/repository/org/springframework/data/spring-data-commons/2.3.4.RELEASE/spring-data-commons-2.3.4.RELEASE.jar:/home/alumno/.m2/repository/org/aspectj/aspectjrt/1.9.6/aspectjrt-1.9.6.jar:/home/alumno/.m2/repository/org/springframework/spring-test/5.2.9.RELEASE/spring-test-5.2.9.RELEASE.jar:/home/alumno/.m2/repository/org/apache/ignite/ignite-core/2.12.0/ignite-core-2.12.0.jar:/home/alumno/.m2/repository/javax/cache/cache-api/1.0.0/cache-api-1.0.0.jar:/home/alumno/.m2/repository/org/jetbrains/annotations/16.0.3/annotations-16.0.3.jar:/home/alumno/.m2/repository/org/gridgain/ignite-shmem/1.0.0/ignite-shmem-1.0.0.jar:/home/alumno/.m2/repository/org/apache/ignite/ignite-spring/2.12.0/ignite-spring-2.12.0.jar:/home/alumno/.m2/repository/org/apache/ignite/ignite-indexing/2.12.0/ignite-indexing-2.12.0.jar:/home/alumno/.m2/repository/org/apache/lucene/lucene-core/4.10.4/lucene-core-4.10.4.jar:/home/alumno/.m2/repository/org/apache/lucene/lucene-analyzers-common/4.10.4/lucene-analyzers-common-4.10.4.jar:/home/alumno/.m2/repository/org/apache/lucene/lucene-queryparser/4.10.4/lucene-queryparser-4.10.4.jar:/home/alumno/.m2/repository/org/apache/lucene/lucene-queries/4.10.4/lucene-queries-4.10.4.jar:/home/alumno/.m2/repository/org/apache/lucene/lucene-sandbox/4.10.4/lucene-sandbox-4.10.4.jar:/home/alumno/.m2/repository/com/h2database/h2/1.4.197/h2-1.4.197.jar:/home/alumno/.m2/repository/org/apache/ignite/ignite-spring-cache-ext/1.0.0/ignite-spring-cache-ext-1.0.0.jar:/home/alumno/.m2/repository/org/apache/ignite/ignite-spring-data-commons/1.1.0/ignite-spring-data-commons-1.1.0.jar:/home/alumno/.m2/repository/org/apache/ignite/ignite-hibernate-core/2.12.0/ignite-hibernate-core-2.12.0.jar:/home/alumno/.m2/repository/org/gridgain/ignite-hibernate_5.3/8.8.7/ignite-hibernate_5.3-8.8.7.jar:/home/alumno/.m2/repository/org/gridgain/ignite-core/8.8.7/ignite-core-8.8.7.jar:/home/alumno/.m2/repository/org/gridgain/ignite-hibernate-core/8.8.7/ignite-hibernate-core-8.8.7.jar:/home/alumno/.m2/repository/org/apache/ignite/ignite-slf4j/2.12.0/ignite-slf4j-2.12.0.jar:/home/alumno/.m2/repository/org/hibernate/hibernate-entitymanager/5.3.18.Final/hibernate-entitymanager-5.3.18.Final.jar:/home/alumno/.m2/repository/org/jboss/logging/jboss-logging/3.4.0.Final/jboss-logging-3.4.0.Final.jar:/home/alumno/.m2/repository/org/dom4j/dom4j/2.1.3/dom4j-2.1.3.jar:/home/alumno/.m2/repository/org/hibernate/common/hibernate-commons-annotations/5.0.4.Final/hibernate-commons-annotations-5.0.4.Final.jar:/home/alumno/.m2/repository/javax/persistence/javax.persistence-api/2.2/javax.persistence-api-2.2.jar:/home/alumno/.m2/repository/net/bytebuddy/byte-buddy/1.10.2/byte-buddy-1.10.2.jar:/home/alumno/.m2/repository/org/jboss/spec/javax/transaction/jboss-transaction-api_1.2_spec/1.1.1.Final/jboss-transaction-api_1.2_spec-1.1.1.Final.jar:/home/alumno/.m2/repository/org/hibernate/hibernate-core/5.3.18.Final/hibernate-core-5.3.18.Final.jar:/home/alumno/.m2/repository/antlr/antlr/2.7.7/antlr-2.7.7.jar:/home/alumno/.m2/repository/org/jboss/jandex/2.1.1.Final/jandex-2.1.1.Final.jar:/home/alumno/.m2/repository/com/fasterxml/classmate/1.5.0/classmate-1.5.0.jar:/home/alumno/.m2/repository/javax/xml/bind/jaxb-api/2.3.1/jaxb-api-2.3.1.jar:/home/alumno/.m2/repository/org/javassist/javassist/3.25.0-GA/javassist-3.25.0-GA.jar:/home/alumno/.m2/repository/cglib/cglib-nodep/3.2.12/cglib-nodep-3.2.12.jar:/home/alumno/.m2/repository/org/jasypt/jasypt/1.9.2/jasypt-1.9.2.jar:/home/alumno/.m2/repository/org/owasp/antisamy/antisamy/1.6.4/antisamy-1.6.4.jar:/home/alumno/.m2/repository/net/sourceforge/nekohtml/nekohtml/1.9.22/nekohtml-1.9.22.jar:/home/alumno/.m2/repository/org/apache/xmlgraphics/batik-css/1.14/batik-css-1.14.jar:/home/alumno/.m2/repository/org/apache/xmlgraphics/batik-shared-resources/1.14/batik-shared-resources-1.14.jar:/home/alumno/.m2/repository/org/apache/xmlgraphics/batik-util/1.14/batik-util-1.14.jar:/home/alumno/.m2/repository/org/apache/xmlgraphics/batik-constants/1.14/batik-constants-1.14.jar:/home/alumno/.m2/repository/org/apache/xmlgraphics/batik-i18n/1.14/batik-i18n-1.14.jar:/home/alumno/.m2/repository/org/apache/xmlgraphics/xmlgraphics-commons/1.5/xmlgraphics-commons-1.5.jar:/home/alumno/.m2/repository/org/slf4j/slf4j-simple/1.7.31/slf4j-simple-1.7.31.jar:/home/alumno/.m2/repository/xml-apis/xml-apis-ext/1.3.04/xml-apis-ext-1.3.04.jar:/home/alumno/.m2/repository/xml-apis/xml-apis/1.4.01/xml-apis-1.4.01.jar:/home/alumno/.m2/repository/xerces/xmlParserAPIs/2.6.2/xmlParserAPIs-2.6.2.jar:/home/alumno/.m2/repository/xerces/xercesImpl/2.12.0/xercesImpl-2.12.0.jar:/home/alumno/.m2/repository/org/jsoup/jsoup/1.12.1/jsoup-1.12.1.jar:/home/alumno/.m2/repository/org/subethamail/subethasmtp/3.1.7/subethasmtp-3.1.7.jar:/home/alumno/.m2/repository/javax/mail/mail/1.5.0-b01/mail-1.5.0-b01.jar:/home/alumno/.m2/repository/javax/activation/activation/1.1.1/activation-1.1.1.jar:/home/alumno/.m2/repository/com/carrotsearch/java-sizeof/0.0.5/java-sizeof-0.0.5.jar:/home/alumno/.m2/repository/org/jmock/jmock/2.5.1/jmock-2.5.1.jar:/home/alumno/.m2/repository/org/jmock/jmock-junit4/2.5.1/jmock-junit4-2.5.1.jar:/home/alumno/.m2/repository/org/jmock/jmock-legacy/2.8.4/jmock-legacy-2.8.4.jar:/home/alumno/.m2/repository/org/objenesis/objenesis/2.1/objenesis-2.1.jar:/home/alumno/.m2/repository/org/jmock/jmock-junit3/2.5.1/jmock-junit3-2.5.1.jar:/home/alumno/.m2/repository/org/mockito/mockito-core/3.4.4/mockito-core-3.4.4.jar:/home/alumno/.m2/repository/net/bytebuddy/byte-buddy-agent/1.10.13/byte-buddy-agent-1.10.13.jar:/home/alumno/.m2/repository/org/hamcrest/hamcrest-core/1.3/hamcrest-core-1.3.jar:/home/alumno/.m2/repository/org/hamcrest/hamcrest-library/1.3/hamcrest-library-1.3.jar:/home/alumno/.m2/repository/org/apache/tomcat/tomcat-jdbc/9.0.40/tomcat-jdbc-9.0.40.jar:/home/alumno/.m2/repository/org/apache/tomcat/tomcat-juli/9.0.40/tomcat-juli-9.0.40.jar:/home/alumno/.m2/repository/com/zaxxer/HikariCP/3.4.2/HikariCP-3.4.2.jar:/home/alumno/.m2/repository/org/passay/passay/1.6.0/passay-1.6.0.jar:/home/alumno/.m2/repository/org/slf4j/slf4j-api/1.7.30/slf4j-api-1.7.30.jar:/home/alumno/.m2/repository/org/slf4j/slf4j-log4j12/1.7.30/slf4j-log4j12-1.7.30.jar:/home/alumno/.m2/repository/org/slf4j/jcl-over-slf4j/1.7.30/jcl-over-slf4j-1.7.30.jar:/home/alumno/.m2/repository/log4j/log4j/1.2.17/log4j-1.2.17.jar:/home/alumno/.m2/repository/org/projectlombok/lombok/1.18.12/lombok-1.18.12.jar:/home/alumno/.m2/repository/junit/junit/4.12/junit-4.12.jar:"/>
    <property name="sun.cpu.endian" value="little"/>
    <property name="user.home" value="/home/alumno"/>
    <property name="user.language" value="es"/>
    <property name="java.specification.vendor" value="Oracle Corporation"/>
    <property name="java.home" value="/usr/lib/jvm/java-8-openjdk-amd64/jre"/>
    <property name="basedir" value="/home/alumno/Escritorio/Proyecto/sakai-21.x/kernel/kernel-impl"/>
    <property name="file.separator" value="/"/>
    <property name="line.separator" value="&#10;"/>
    <property name="java.vm.specification.vendor" value="Oracle Corporation"/>
    <property name="java.specification.name" value="Java Platform API Specification"/>
    <property name="derby.stream.error.file" value="/home/alumno/Escritorio/Proyecto/sakai-21.x/kernel/kernel-impl/target/derby.log"/>
    <property name="java.awt.graphicsenv" value="sun.awt.X11GraphicsEnvironment"/>
    <property name="java.awt.headless" value="true"/>
    <property name="lombok.disable" value="true"/>
    <property name="derby.system.durability" value="test"/>
    <property name="surefire.real.class.path" value="/home/alumno/Escritorio/Proyecto/sakai-21.x/kernel/kernel-impl/target/surefire/surefirebooter5297604416147325813.jar"/>
    <property name="sun.boot.class.path" value="/usr/lib/jvm/java-8-openjdk-amd64/jre/lib/resources.jar:/usr/lib/jvm/java-8-openjdk-amd64/jre/lib/rt.jar:/usr/lib/jvm/java-8-openjdk-amd64/jre/lib/sunrsasign.jar:/usr/lib/jvm/java-8-openjdk-amd64/jre/lib/jsse.jar:/usr/lib/jvm/java-8-openjdk-amd64/jre/lib/jce.jar:/usr/lib/jvm/java-8-openjdk-amd64/jre/lib/charsets.jar:/usr/lib/jvm/java-8-openjdk-amd64/jre/lib/jfr.jar:/usr/lib/jvm/java-8-openjdk-amd64/jre/classes"/>
    <property name="sun.management.compiler" value="HotSpot 64-Bit Tiered Compilers"/>
    <property name="known.issues" value=""/>
    <property name="java.runtime.version" value="1.8.0_402-8u402-ga-2ubuntu1~22.04-b06"/>
    <property name="user.name" value="alumno"/>
    <property name="path.separator" value=":"/>
    <property name="java.security.egd" value="file:/dev/./urandom"/>
    <property name="test.sakai.home" value=""/>
    <property name="os.version" value="6.2.16-5-pve"/>
    <property name="java.endorsed.dirs" value="/usr/lib/jvm/java-8-openjdk-amd64/jre/lib/endorsed"/>
    <property name="java.runtime.name" value="OpenJDK Runtime Environment"/>
    <property name="file.encoding" value="UTF-8"/>
    <property name="java.vm.name" value="OpenJDK 64-Bit Server VM"/>
    <property name="localRepository" value="/home/alumno/.m2/repository"/>
    <property name="java.vendor.url.bug" value="http://bugreport.sun.com/bugreport/"/>
    <property name="java.io.tmpdir" value="/tmp"/>
    <property name="java.version" value="1.8.0_402"/>
    <property name="user.dir" value="/home/alumno/Escritorio/Proyecto/sakai-21.x/kernel/kernel-impl"/>
    <property name="os.arch" value="amd64"/>
    <property name="java.vm.specification.name" value="Java Virtual Machine Specification"/>
    <property name="maven.tomcat.home" value="/opt/tomcat"/>
    <property name="java.awt.printerjob" value="sun.print.PSPrinterJob"/>
    <property name="sun.os.patch.level" value="unknown"/>
    <property name="java.library.path" value="/usr/java/packages/lib/amd64:/usr/lib/x86_64-linux-gnu/jni:/lib/x86_64-linux-gnu:/usr/lib/x86_64-linux-gnu:/usr/lib/jni:/lib:/usr/lib"/>
    <property name="java.vm.info" value="mixed mode"/>
    <property name="java.vendor" value="Private Build"/>
    <property name="java.vm.version" value="25.402-b06"/>
    <property name="java.specification.maintenance.version" value="5"/>
    <property name="java.ext.dirs" value="/usr/lib/jvm/java-8-openjdk-amd64/jre/lib/ext:/usr/java/packages/lib/ext"/>
    <property name="sun.io.unicode.encoding" value="UnicodeLittle"/>
    <property name="java.class.version" value="52.0"/>
  </properties>
  <testcase name="testEncryptOk" classname="org.sakaiproject.user.impl.PasswordServiceTest" time="0.182"/>
  <testcase name="testOldPassword" classname="org.sakaiproject.user.impl.PasswordServiceTest" time="0.001"/>
  <testcase name="testUnsaltedSHA256" classname="org.sakaiproject.user.impl.PasswordServiceTest" time="0.001"/>
  <testcase name="testEncryptFail" classname="org.sakaiproject.user.impl.PasswordServiceTest" time="0"/>
  <testcase name="testRoundTripMigrated" classname="org.sakaiproject.user.impl.PasswordServiceTest" time="0.002"/>
  <testcase name="testGoodPassword" classname="org.sakaiproject.user.impl.PasswordServiceTest" time="0.084"/>
  <testcase name="testEncrpt" classname="org.sakaiproject.user.impl.PasswordServiceTest" time="0.061"/>
  <testcase name="testMigratedPasswords" classname="org.sakaiproject.user.impl.PasswordServiceTest" time="0"/>
  <testcase name="testCheckCharacterRange" classname="org.sakaiproject.user.impl.PasswordServiceTest" time="0.089"/>
</testsuite>